<?xml version="1.0" encoding="UTF-8"?>
<!-- Generated by org.testng.reporters.JUnitReportReporter -->
<testsuite skipped="0" hostname="test-PC" name="sampleGITTest.SampleGitTest" tests="1" failures="0" timestamp="16 Jun 2018 05:21:23 GMT" time="11.773" errors="0">
  <testcase name="logintest" time="11.773" classname="sampleGITTest.SampleGitTest"/>
</testsuite> <!-- sampleGITTest.SampleGitTest -->
